<?xml version="1.0" encoding="UTF-8"?>
<testsuites name="Amazon_testcase_004_testsuite" time="22.5" tests="1" failures="0" errors="0">
   <testsuite name="Amazon_testcase_004_testsuite" tests="1" failures="0" errors="0" time="22.5" skipped="0" timestamp="07-02-2024T20:11:05" hostname="harishbogam - localhost" id="Test Suites/Amazon_testcase_004_testsuite">
      <properties>
         <property name="deviceName" value=""/>
         <property name="devicePlatform" value=""/>
         <property name="logFolder" value="/Users/harishbogam/git/Amazon_projectAA/Reports/20240207_201104/Amazon_testcase_004_testsuite/20240207_201104"/>
         <property name="logFiles" value="/Users/harishbogam/git/Amazon_projectAA/Reports/20240207_201104/Amazon_testcase_004_testsuite/20240207_201104/execution0.log"/>
         <property name="attachments" value=""/>
         <property name="hostName" value="harishbogam - localhost"/>
         <property name="os" value="Mac OS X 64bit"/>
         <property name="katalonVersion" value="9.2.0.212"/>
         <property name="browser" value="Chrome 121.0.0.0"/>
         <property name="hostAddress" value="127.0.0.1"/>
         <property name="sessionId" value="f48ae772910a6c18faa192d638eba847"/>
         <property name="seleniumVersion" value="3.141.59"/>
         <property name="proxyInformation" value="ProxyInformation { proxyOption=NO_PROXY, proxyServerType=HTTP, username=, password=********, proxyServerAddress=, proxyServerPort=0, executionList=&quot;&quot;, isApplyToDesiredCapabilities=true }"/>
         <property name="platform" value="Mac OS X"/>
      </properties>
      <testcase name="Test Cases/Amazon_testcase_004" time="22.422" classname="Test Cases/Amazon_testcase_004" status="PASSED">
         <system-out><![CDATA[07-02-2024T20:11:05 - [TEST_CASE][PASSED] - Test Cases/Amazon_testcase_004: Test Cases/Amazon_testcase_004

07-02-2024T20:11:05 - [TEST_STEP][PASSED] - Start listener action : sampleBeforeTestCase: Navigate to 'https://www.amazon.in/' successfully

07-02-2024T20:11:05 - [TEST_STEP][PASSED] - openBrowser(""): Browser is opened with url: ''

07-02-2024T20:11:05 - [MESSAGE][INFO] - Starting 'Chrome' driver

07-02-2024T20:11:05 - [MESSAGE][INFO] - Action delay is set to 0 milliseconds

07-02-2024T20:11:06 - [MESSAGE][PASSED] - Browser is opened with url: ''

07-02-2024T20:11:06 - [TEST_STEP][PASSED] - navigateToUrl("https://www.amazon.in/"): Navigate to 'https://www.amazon.in/' successfully

07-02-2024T20:11:08 - [MESSAGE][PASSED] - Navigate to 'https://www.amazon.in/' successfully

07-02-2024T20:11:08 - [TEST_STEP][PASSED] - Start listener action : sampleBeforeTestCase: Navigate to 'https://www.amazon.in/' successfully

07-02-2024T20:11:08 - [TEST_STEP][PASSED] - openBrowser(""): Browser is opened with url: ''

07-02-2024T20:11:08 - [MESSAGE][WARNING] - A browser is already opened. Closing browser and opening a new one

07-02-2024T20:11:08 - [MESSAGE][INFO] - Starting 'Chrome' driver

07-02-2024T20:11:08 - [MESSAGE][INFO] - Action delay is set to 0 milliseconds

07-02-2024T20:11:08 - [MESSAGE][PASSED] - Browser is opened with url: ''

07-02-2024T20:11:08 - [TEST_STEP][PASSED] - navigateToUrl("https://www.amazon.in/"): Navigate to 'https://www.amazon.in/' successfully

07-02-2024T20:11:09 - [MESSAGE][PASSED] - Navigate to 'https://www.amazon.in/' successfully

07-02-2024T20:11:09 - [TEST_STEP][PASSED] - Start listener action : sampleBeforeTestCase: Navigate to 'https://www.amazon.in/' successfully

07-02-2024T20:11:09 - [TEST_STEP][PASSED] - openBrowser(""): Browser is opened with url: ''

07-02-2024T20:11:09 - [MESSAGE][WARNING] - A browser is already opened. Closing browser and opening a new one

07-02-2024T20:11:09 - [MESSAGE][INFO] - Starting 'Chrome' driver

07-02-2024T20:11:09 - [MESSAGE][INFO] - Action delay is set to 0 milliseconds

07-02-2024T20:11:10 - [MESSAGE][PASSED] - Browser is opened with url: ''

07-02-2024T20:11:10 - [TEST_STEP][PASSED] - navigateToUrl("https://www.amazon.in/"): Navigate to 'https://www.amazon.in/' successfully

07-02-2024T20:11:11 - [MESSAGE][PASSED] - Navigate to 'https://www.amazon.in/' successfully

07-02-2024T20:11:11 - [TEST_STEP][PASSED] - openBrowser(""): Browser is opened with url: ''

07-02-2024T20:11:11 - [MESSAGE][WARNING] - A browser is already opened. Closing browser and opening a new one

07-02-2024T20:11:11 - [MESSAGE][INFO] - Starting 'Chrome' driver

07-02-2024T20:11:11 - [MESSAGE][INFO] - Action delay is set to 0 milliseconds

07-02-2024T20:11:11 - [MESSAGE][PASSED] - Browser is opened with url: ''

07-02-2024T20:11:11 - [TEST_STEP][PASSED] - navigateToUrl("https://www.amazon.in/"): Navigate to 'https://www.amazon.in/' successfully

07-02-2024T20:11:13 - [MESSAGE][PASSED] - Navigate to 'https://www.amazon.in/' successfully

07-02-2024T20:11:13 - [TEST_STEP][PASSED] - click(findTestObject("Object Repository/Amazon_testcase_004_OR/span_Hello, sign in")): Object: 'Object Repository/Amazon_testcase_004_OR/span_Hello, sign in' is clicked on

07-02-2024T20:11:14 - [MESSAGE][PASSED] - Object: 'Object Repository/Amazon_testcase_004_OR/span_Hello, sign in' is clicked on

07-02-2024T20:11:14 - [TEST_STEP][PASSED] - setText(findTestObject("Object Repository/Amazon_testcase_004_OR/input_email"), PhoneNo): Text '9553847074' is set on object 'Object Repository/Amazon_testcase_004_OR/input_email'

07-02-2024T20:11:16 - [MESSAGE][PASSED] - Text '9553847074' is set on object 'Object Repository/Amazon_testcase_004_OR/input_email'

07-02-2024T20:11:16 - [TEST_STEP][PASSED] - click(findTestObject("Object Repository/Amazon_testcase_004_OR/inputcontinue")): Object: 'Object Repository/Amazon_testcase_004_OR/inputcontinue' is clicked on

07-02-2024T20:11:17 - [MESSAGE][PASSED] - Object: 'Object Repository/Amazon_testcase_004_OR/inputcontinue' is clicked on

07-02-2024T20:11:17 - [TEST_STEP][PASSED] - setEncryptedText(findTestObject("Object Repository/Amazon_testcase_004_OR/input_password"), "sWIDqSuYDTb6OdfrXQbw6w=="): Text ****** has been set on object 'Object Repository/Amazon_testcase_004_OR/input_password'

07-02-2024T20:11:18 - [MESSAGE][PASSED] - Text ****** has been set on object 'Object Repository/Amazon_testcase_004_OR/input_password'

07-02-2024T20:11:18 - [TEST_STEP][PASSED] - click(findTestObject("Object Repository/Amazon_testcase_004_OR/inputsignInSubmit")): Object: 'Object Repository/Amazon_testcase_004_OR/inputsignInSubmit' is clicked on

07-02-2024T20:11:18 - [MESSAGE][PASSED] - Object: 'Object Repository/Amazon_testcase_004_OR/inputsignInSubmit' is clicked on

07-02-2024T20:11:18 - [TEST_STEP][PASSED] - click(findTestObject("Object Repository/Amazon_testcase_004_OR/span_Hyderabad 500058")): Object: 'Object Repository/Amazon_testcase_004_OR/span_Hyderabad 500058' is clicked on

07-02-2024T20:11:21 - [MESSAGE][PASSED] - Object: 'Object Repository/Amazon_testcase_004_OR/span_Hyderabad 500058' is clicked on

07-02-2024T20:11:21 - [TEST_STEP][PASSED] - setText(findTestObject("Amazon_testcase_004_button_OR/input_or enter a US zip code_GLUXZipUpdateInput"), PinCode): Text '500056
' is set on object 'Object Repository/Amazon_testcase_004_button_OR/input_or enter a US zip code_GLUXZipUpdateInput'

07-02-2024T20:11:24 - [MESSAGE][PASSED] - Text '500056
' is set on object 'Object Repository/Amazon_testcase_004_button_OR/input_or enter a US zip code_GLUXZipUpdateInput'

07-02-2024T20:11:24 - [TEST_STEP][PASSED] - click(findTestObject("Amazon_testcase_004_OR/input_a-button-input")): Object: 'Object Repository/Amazon_testcase_004_OR/input_a-button-input' is clicked on

07-02-2024T20:11:27 - [MESSAGE][PASSED] - Object: 'Object Repository/Amazon_testcase_004_OR/input_a-button-input' is clicked on

07-02-2024T20:11:27 - [TEST_STEP][PASSED] - closeBrowser(): Browser is closed

07-02-2024T20:11:27 - [MESSAGE][PASSED] - Browser is closed

07-02-2024T20:11:27 - [TEST_STEP][PASSED] - Start listener action : sampleAfterTestCase: Browser is closed

07-02-2024T20:11:27 - [TEST_STEP][PASSED] - closeBrowser(): Browser is closed

07-02-2024T20:11:27 - [MESSAGE][PASSED] - Browser is closed

07-02-2024T20:11:27 - [TEST_STEP][PASSED] - Start listener action : sampleAfterTestCase: Browser is closed

07-02-2024T20:11:27 - [TEST_STEP][PASSED] - closeBrowser(): Browser is closed

07-02-2024T20:11:27 - [MESSAGE][PASSED] - Browser is closed

07-02-2024T20:11:27 - [TEST_STEP][PASSED] - Start listener action : sampleAfterTestCase: Browser is closed

07-02-2024T20:11:27 - [TEST_STEP][PASSED] - closeBrowser(): Browser is closed

07-02-2024T20:11:27 - [MESSAGE][PASSED] - Browser is closed]]></system-out>
         <system-err><![CDATA[]]></system-err>
      </testcase>
      <system-out><![CDATA[07-02-2024T20:11:05 - [TEST_SUITE][PASSED] - Amazon_testcase_004_testsuite: Test Cases/Amazon_testcase_004]]></system-out>
      <system-err><![CDATA[]]></system-err>
   </testsuite>
</testsuites>
