<?xml version="1.0" encoding="UTF-8"?>
<testsuites name="Amazon_testcase_002_testlistener" time="17.07" tests="1" failures="0" errors="0">
   <testsuite name="Amazon_testcase_002_testlistener" tests="1" failures="0" errors="0" time="17.07" skipped="0" timestamp="07-02-2024T18:18:05" hostname="harishbogam - localhost" id="Test Suites/Amazon_testcase_002_testlistener">
      <properties>
         <property name="deviceName" value=""/>
         <property name="devicePlatform" value=""/>
         <property name="logFolder" value="/Users/harishbogam/git/Amazon_projectAA/Reports/20240207_181802/Amazon_testcase_002_testlistener/20240207_181803"/>
         <property name="logFiles" value="/Users/harishbogam/git/Amazon_projectAA/Reports/20240207_181802/Amazon_testcase_002_testlistener/20240207_181803/execution0.log"/>
         <property name="attachments" value=""/>
         <property name="hostName" value="harishbogam - localhost"/>
         <property name="os" value="Mac OS X 64bit"/>
         <property name="katalonVersion" value="9.2.0.212"/>
         <property name="browser" value="Chrome 121.0.0.0"/>
         <property name="hostAddress" value="127.0.0.1"/>
         <property name="sessionId" value="656414826d6bea7f8d0d813f254a51bf"/>
         <property name="seleniumVersion" value="3.141.59"/>
         <property name="proxyInformation" value="ProxyInformation { proxyOption=NO_PROXY, proxyServerType=HTTP, username=, password=********, proxyServerAddress=, proxyServerPort=0, executionList=&quot;&quot;, isApplyToDesiredCapabilities=true }"/>
         <property name="platform" value="Mac OS X"/>
      </properties>
      <testcase name="Test Cases/Amazon_testcase_002" time="16.982" classname="Test Cases/Amazon_testcase_002" status="PASSED">
         <system-out><![CDATA[07-02-2024T18:18:05 - [TEST_CASE][PASSED] - Test Cases/Amazon_testcase_002: Test Cases/Amazon_testcase_002

07-02-2024T18:18:05 - [TEST_STEP][PASSED] - Start listener action : sampleBeforeTestCase: Navigate to 'https://www.amazon.in/' successfully

07-02-2024T18:18:05 - [TEST_STEP][PASSED] - openBrowser(""): Browser is opened with url: ''

07-02-2024T18:18:05 - [MESSAGE][INFO] - Starting 'Chrome' driver

07-02-2024T18:18:05 - [MESSAGE][INFO] - Action delay is set to 0 milliseconds

07-02-2024T18:18:06 - [MESSAGE][PASSED] - Browser is opened with url: ''

07-02-2024T18:18:06 - [TEST_STEP][PASSED] - navigateToUrl("https://www.amazon.in/"): Navigate to 'https://www.amazon.in/' successfully

07-02-2024T18:18:08 - [MESSAGE][PASSED] - Navigate to 'https://www.amazon.in/' successfully

07-02-2024T18:18:08 - [TEST_STEP][PASSED] - Start listener action : sampleBeforeTestCase: Navigate to 'https://www.amazon.in/' successfully

07-02-2024T18:18:08 - [TEST_STEP][PASSED] - openBrowser(""): Browser is opened with url: ''

07-02-2024T18:18:08 - [MESSAGE][WARNING] - A browser is already opened. Closing browser and opening a new one

07-02-2024T18:18:08 - [MESSAGE][INFO] - Starting 'Chrome' driver

07-02-2024T18:18:08 - [MESSAGE][INFO] - Action delay is set to 0 milliseconds

07-02-2024T18:18:09 - [MESSAGE][PASSED] - Browser is opened with url: ''

07-02-2024T18:18:09 - [TEST_STEP][PASSED] - navigateToUrl("https://www.amazon.in/"): Navigate to 'https://www.amazon.in/' successfully

07-02-2024T18:18:10 - [MESSAGE][PASSED] - Navigate to 'https://www.amazon.in/' successfully

07-02-2024T18:18:10 - [TEST_STEP][PASSED] - openBrowser(""): Browser is opened with url: ''

07-02-2024T18:18:10 - [MESSAGE][WARNING] - A browser is already opened. Closing browser and opening a new one

07-02-2024T18:18:10 - [MESSAGE][INFO] - Starting 'Chrome' driver

07-02-2024T18:18:10 - [MESSAGE][INFO] - Action delay is set to 0 milliseconds

07-02-2024T18:18:10 - [MESSAGE][PASSED] - Browser is opened with url: ''

07-02-2024T18:18:10 - [TEST_STEP][PASSED] - navigateToUrl("https://www.amazon.in/"): Navigate to 'https://www.amazon.in/' successfully

07-02-2024T18:18:12 - [MESSAGE][PASSED] - Navigate to 'https://www.amazon.in/' successfully

07-02-2024T18:18:12 - [TEST_STEP][PASSED] - click(findTestObject("Object Repository/Amazon_testcase_002_OR/span_Hello, sign in")): Object: 'Object Repository/Amazon_testcase_002_OR/span_Hello, sign in' is clicked on

07-02-2024T18:18:13 - [MESSAGE][PASSED] - Object: 'Object Repository/Amazon_testcase_002_OR/span_Hello, sign in' is clicked on

07-02-2024T18:18:13 - [TEST_STEP][PASSED] - setText(findTestObject("Amazon_testcase_002_button_OR/input_Email or mobile phone number_email"), PhoneNo): Text '' is set on object 'Object Repository/Amazon_testcase_002_button_OR/input_Email or mobile phone number_email'

07-02-2024T18:18:15 - [MESSAGE][PASSED] - Text '' is set on object 'Object Repository/Amazon_testcase_002_button_OR/input_Email or mobile phone number_email'

07-02-2024T18:18:15 - [TEST_STEP][PASSED] - click(findTestObject("Object Repository/Amazon_testcase_002_OR/inputcontinue")): Object: 'Object Repository/Amazon_testcase_002_OR/inputcontinue' is clicked on

07-02-2024T18:18:15 - [MESSAGE][PASSED] - Object: 'Object Repository/Amazon_testcase_002_OR/inputcontinue' is clicked on

07-02-2024T18:18:15 - [TEST_STEP][PASSED] - setEncryptedText(findTestObject("Amazon_testcase_002_button_OR/input_Forgot your password_password"), Password): Text ****** has been set on object 'Object Repository/Amazon_testcase_002_button_OR/input_Forgot your password_password'

07-02-2024T18:18:21 - [MESSAGE][PASSED] - Text ****** has been set on object 'Object Repository/Amazon_testcase_002_button_OR/input_Forgot your password_password'

07-02-2024T18:18:21 - [TEST_STEP][PASSED] - click(findTestObject("Object Repository/Amazon_testcase_002_OR/inputsignInSubmit")): Object: 'Object Repository/Amazon_testcase_002_OR/inputsignInSubmit' is clicked on

07-02-2024T18:18:22 - [MESSAGE][PASSED] - Object: 'Object Repository/Amazon_testcase_002_OR/inputsignInSubmit' is clicked on

07-02-2024T18:18:22 - [TEST_STEP][PASSED] - closeBrowser(): Browser is closed

07-02-2024T18:18:22 - [MESSAGE][PASSED] - Browser is closed

07-02-2024T18:18:22 - [TEST_STEP][PASSED] - Start listener action : sampleAfterTestCase: Browser is closed

07-02-2024T18:18:22 - [TEST_STEP][PASSED] - closeBrowser(): Browser is closed

07-02-2024T18:18:22 - [MESSAGE][PASSED] - Browser is closed

07-02-2024T18:18:22 - [TEST_STEP][PASSED] - Start listener action : sampleAfterTestCase: Browser is closed

07-02-2024T18:18:22 - [TEST_STEP][PASSED] - closeBrowser(): Browser is closed

07-02-2024T18:18:22 - [MESSAGE][PASSED] - Browser is closed]]></system-out>
         <system-err><![CDATA[]]></system-err>
      </testcase>
      <system-out><![CDATA[07-02-2024T18:18:05 - [TEST_SUITE][PASSED] - Amazon_testcase_002_testlistener: Test Cases/Amazon_testcase_002]]></system-out>
      <system-err><![CDATA[]]></system-err>
   </testsuite>
</testsuites>
