<?xml version="1.0" encoding="UTF-8"?>
<testsuites name="Amazon_testcase_001_Excel" time="19.476" tests="1" failures="0" errors="0">
   <testsuite name="Amazon_testcase_001_Excel" tests="1" failures="0" errors="0" time="19.476" skipped="0" timestamp="06-02-2024T22:19:11" hostname="harishbogam - localhost" id="Test Suites/Amazon_testcase_001_Excel">
      <properties>
         <property name="deviceName" value=""/>
         <property name="devicePlatform" value=""/>
         <property name="logFolder" value="/Users/harishbogam/git/Amazon_projectAA/Reports/20240206_221909/Amazon_testcase_001_Excel/20240206_221910"/>
         <property name="logFiles" value="/Users/harishbogam/git/Amazon_projectAA/Reports/20240206_221909/Amazon_testcase_001_Excel/20240206_221910/execution0.log"/>
         <property name="attachments" value=""/>
         <property name="hostName" value="harishbogam - localhost"/>
         <property name="os" value="Mac OS X 64bit"/>
         <property name="katalonVersion" value="9.2.0.212"/>
         <property name="browser" value="Chrome 121.0.0.0"/>
         <property name="hostAddress" value="127.0.0.1"/>
         <property name="sessionId" value="ae1741123c8c3641a5db6b9615bbbfb4"/>
         <property name="seleniumVersion" value="3.141.59"/>
         <property name="proxyInformation" value="ProxyInformation { proxyOption=NO_PROXY, proxyServerType=HTTP, username=, password=********, proxyServerAddress=, proxyServerPort=0, executionList=&quot;&quot;, isApplyToDesiredCapabilities=true }"/>
         <property name="platform" value="Mac OS X"/>
      </properties>
      <testcase name="Test Cases/Amazon_testcase_001" time="19.408" classname="Test Cases/Amazon_testcase_001" status="PASSED">
         <system-out><![CDATA[06-02-2024T22:19:12 - [TEST_CASE][PASSED] - Test Cases/Amazon_testcase_001: Test Cases/Amazon_testcase_001

06-02-2024T22:19:12 - [TEST_STEP][PASSED] - openBrowser(""): Browser is opened with url: ''

06-02-2024T22:19:12 - [MESSAGE][INFO] - Starting 'Chrome' driver

06-02-2024T22:19:12 - [MESSAGE][INFO] - Action delay is set to 0 milliseconds

06-02-2024T22:19:13 - [MESSAGE][PASSED] - Browser is opened with url: ''

06-02-2024T22:19:13 - [TEST_STEP][PASSED] - navigateToUrl("https://www.amazon.in/"): Navigate to 'https://www.amazon.in/' successfully

06-02-2024T22:19:13 - [MESSAGE][PASSED] - Navigate to 'https://www.amazon.in/' successfully

06-02-2024T22:19:13 - [TEST_STEP][PASSED] - selectOptionByValue(findTestObject("Amazon_testcase_001_button_OR/select_All Departments"), "search-alias=stripbooks", true): All options with value 'search-alias=stripbooks' are selected in object 'Object Repository/Amazon_testcase_001_button_OR/select_All Departments'  using regular expression

06-02-2024T22:19:26 - [MESSAGE][PASSED] - All options with value 'search-alias=stripbooks' are selected in object 'Object Repository/Amazon_testcase_001_button_OR/select_All Departments'  using regular expression

06-02-2024T22:19:26 - [TEST_STEP][PASSED] - setText(findTestObject("Amazon_testcase_001_button_OR/input_Search"), inputSearch): Text 'da vinci code' is set on object 'Object Repository/Amazon_testcase_001_button_OR/input_Search'

06-02-2024T22:19:28 - [MESSAGE][PASSED] - Text 'da vinci code' is set on object 'Object Repository/Amazon_testcase_001_button_OR/input_Search'

06-02-2024T22:19:28 - [TEST_STEP][PASSED] - click(findTestObject("Amazon_testcase_001_button_OR/input_Search Amazon_nav-search-submit-button")): Object: 'Object Repository/Amazon_testcase_001_button_OR/input_Search Amazon_nav-search-submit-button' is clicked on

06-02-2024T22:19:31 - [MESSAGE][PASSED] - Object: 'Object Repository/Amazon_testcase_001_button_OR/input_Search Amazon_nav-search-submit-button' is clicked on

06-02-2024T22:19:31 - [TEST_STEP][PASSED] - closeBrowser(): Browser is closed

06-02-2024T22:19:31 - [MESSAGE][PASSED] - Browser is closed]]></system-out>
         <system-err><![CDATA[]]></system-err>
      </testcase>
      <system-out><![CDATA[06-02-2024T22:19:11 - [TEST_SUITE][PASSED] - Amazon_testcase_001_Excel: Test Cases/Amazon_testcase_001]]></system-out>
      <system-err><![CDATA[]]></system-err>
   </testsuite>
</testsuites>
