<?xml version="1.0" encoding="UTF-8"?>
<testsuites name="Amazon_testcase_001_testsuite" time="7.011" tests="1" failures="0" errors="0">
   <testsuite name="Amazon_testcase_001_testsuite" tests="1" failures="0" errors="0" time="7.011" skipped="0" timestamp="06-02-2024T22:19:39" hostname="harishbogam - localhost" id="Test Suites/Amazon_testcase_001_testsuite">
      <properties>
         <property name="deviceName" value=""/>
         <property name="devicePlatform" value=""/>
         <property name="logFolder" value="/Users/harishbogam/git/Amazon_projectAA/Reports/20240206_221937/Amazon_testcase_001_testsuite/20240206_221938"/>
         <property name="logFiles" value="/Users/harishbogam/git/Amazon_projectAA/Reports/20240206_221937/Amazon_testcase_001_testsuite/20240206_221938/execution0.log"/>
         <property name="attachments" value=""/>
         <property name="hostName" value="harishbogam - localhost"/>
         <property name="os" value="Mac OS X 64bit"/>
         <property name="katalonVersion" value="9.2.0.212"/>
         <property name="browser" value="Chrome 121.0.0.0"/>
         <property name="hostAddress" value="127.0.0.1"/>
         <property name="sessionId" value="8e710d58eda44005723a0212dde62ea8"/>
         <property name="seleniumVersion" value="3.141.59"/>
         <property name="proxyInformation" value="ProxyInformation { proxyOption=NO_PROXY, proxyServerType=HTTP, username=, password=********, proxyServerAddress=, proxyServerPort=0, executionList=&quot;&quot;, isApplyToDesiredCapabilities=true }"/>
         <property name="platform" value="Mac OS X"/>
      </properties>
      <testcase name="Test Cases/Amazon_testcase_001" time="6.954" classname="Test Cases/Amazon_testcase_001" status="PASSED">
         <system-out><![CDATA[06-02-2024T22:19:39 - [TEST_CASE][PASSED] - Test Cases/Amazon_testcase_001: Test Cases/Amazon_testcase_001

06-02-2024T22:19:39 - [TEST_STEP][PASSED] - openBrowser(""): Browser is opened with url: ''

06-02-2024T22:19:39 - [MESSAGE][INFO] - Starting 'Chrome' driver

06-02-2024T22:19:39 - [MESSAGE][INFO] - Action delay is set to 0 milliseconds

06-02-2024T22:19:40 - [MESSAGE][PASSED] - Browser is opened with url: ''

06-02-2024T22:19:40 - [TEST_STEP][PASSED] - navigateToUrl("https://www.amazon.in/"): Navigate to 'https://www.amazon.in/' successfully

06-02-2024T22:19:42 - [MESSAGE][PASSED] - Navigate to 'https://www.amazon.in/' successfully

06-02-2024T22:19:42 - [TEST_STEP][PASSED] - selectOptionByValue(findTestObject("Amazon_testcase_001_button_OR/select_All Departments"), "search-alias=stripbooks", true): All options with value 'search-alias=stripbooks' are selected in object 'Object Repository/Amazon_testcase_001_button_OR/select_All Departments'  using regular expression

06-02-2024T22:19:43 - [MESSAGE][PASSED] - All options with value 'search-alias=stripbooks' are selected in object 'Object Repository/Amazon_testcase_001_button_OR/select_All Departments'  using regular expression

06-02-2024T22:19:43 - [TEST_STEP][PASSED] - setText(findTestObject("Amazon_testcase_001_button_OR/input_Search"), inputSearch): Text '' is set on object 'Object Repository/Amazon_testcase_001_button_OR/input_Search'

06-02-2024T22:19:44 - [MESSAGE][PASSED] - Text '' is set on object 'Object Repository/Amazon_testcase_001_button_OR/input_Search'

06-02-2024T22:19:44 - [TEST_STEP][PASSED] - click(findTestObject("Amazon_testcase_001_button_OR/input_Search Amazon_nav-search-submit-button")): Object: 'Object Repository/Amazon_testcase_001_button_OR/input_Search Amazon_nav-search-submit-button' is clicked on

06-02-2024T22:19:46 - [MESSAGE][PASSED] - Object: 'Object Repository/Amazon_testcase_001_button_OR/input_Search Amazon_nav-search-submit-button' is clicked on

06-02-2024T22:19:46 - [TEST_STEP][PASSED] - closeBrowser(): Browser is closed

06-02-2024T22:19:46 - [MESSAGE][PASSED] - Browser is closed]]></system-out>
         <system-err><![CDATA[]]></system-err>
      </testcase>
      <system-out><![CDATA[06-02-2024T22:19:39 - [TEST_SUITE][PASSED] - Amazon_testcase_001_testsuite: Test Cases/Amazon_testcase_001]]></system-out>
      <system-err><![CDATA[]]></system-err>
   </testsuite>
</testsuites>
