<?xml version="1.0" encoding="UTF-8"?>
<testsuites name="Amazon_testcase_004_testsuite" time="20.315" tests="1" failures="0" errors="0">
   <testsuite name="Amazon_testcase_004_testsuite" tests="1" failures="0" errors="0" time="20.315" skipped="0" timestamp="07-02-2024T20:12:09" hostname="harishbogam - localhost" id="Test Suites/Amazon_testcase_004_testsuite">
      <properties>
         <property name="deviceName" value=""/>
         <property name="devicePlatform" value=""/>
         <property name="logFolder" value="/Users/harishbogam/git/Amazon_projectAA/Reports/20240207_201205/Amazon_testcase_004_testsuite/20240207_201206"/>
         <property name="logFiles" value="/Users/harishbogam/git/Amazon_projectAA/Reports/20240207_201205/Amazon_testcase_004_testsuite/20240207_201206/execution0.log"/>
         <property name="attachments" value=""/>
         <property name="hostName" value="harishbogam - localhost"/>
         <property name="os" value="Mac OS X 64bit"/>
         <property name="katalonVersion" value="9.2.0.212"/>
         <property name="browser" value="Chrome 121.0.0.0"/>
         <property name="hostAddress" value="127.0.0.1"/>
         <property name="sessionId" value="f537a7268adb79cfb43a89291ac26fa6"/>
         <property name="seleniumVersion" value="3.141.59"/>
         <property name="proxyInformation" value="ProxyInformation { proxyOption=NO_PROXY, proxyServerType=HTTP, username=, password=********, proxyServerAddress=, proxyServerPort=0, executionList=&quot;&quot;, isApplyToDesiredCapabilities=true }"/>
         <property name="platform" value="Mac OS X"/>
      </properties>
      <testcase name="Test Cases/Amazon_testcase_004" time="20.241" classname="Test Cases/Amazon_testcase_004" status="PASSED">
         <system-out><![CDATA[07-02-2024T20:12:09 - [TEST_CASE][PASSED] - Test Cases/Amazon_testcase_004: Test Cases/Amazon_testcase_004

07-02-2024T20:12:09 - [TEST_STEP][PASSED] - Start listener action : sampleBeforeTestCase: Navigate to 'https://www.amazon.in/' successfully

07-02-2024T20:12:09 - [TEST_STEP][PASSED] - openBrowser(""): Browser is opened with url: ''

07-02-2024T20:12:09 - [MESSAGE][INFO] - Starting 'Chrome' driver

07-02-2024T20:12:09 - [MESSAGE][INFO] - Action delay is set to 0 milliseconds

07-02-2024T20:12:10 - [MESSAGE][PASSED] - Browser is opened with url: ''

07-02-2024T20:12:10 - [TEST_STEP][PASSED] - navigateToUrl("https://www.amazon.in/"): Navigate to 'https://www.amazon.in/' successfully

07-02-2024T20:12:11 - [MESSAGE][PASSED] - Navigate to 'https://www.amazon.in/' successfully

07-02-2024T20:12:11 - [TEST_STEP][PASSED] - Start listener action : sampleBeforeTestCase: Navigate to 'https://www.amazon.in/' successfully

07-02-2024T20:12:11 - [TEST_STEP][PASSED] - openBrowser(""): Browser is opened with url: ''

07-02-2024T20:12:11 - [MESSAGE][WARNING] - A browser is already opened. Closing browser and opening a new one

07-02-2024T20:12:11 - [MESSAGE][INFO] - Starting 'Chrome' driver

07-02-2024T20:12:11 - [MESSAGE][INFO] - Action delay is set to 0 milliseconds

07-02-2024T20:12:11 - [MESSAGE][PASSED] - Browser is opened with url: ''

07-02-2024T20:12:11 - [TEST_STEP][PASSED] - navigateToUrl("https://www.amazon.in/"): Navigate to 'https://www.amazon.in/' successfully

07-02-2024T20:12:12 - [MESSAGE][PASSED] - Navigate to 'https://www.amazon.in/' successfully

07-02-2024T20:12:12 - [TEST_STEP][PASSED] - Start listener action : sampleBeforeTestCase: Navigate to 'https://www.amazon.in/' successfully

07-02-2024T20:12:12 - [TEST_STEP][PASSED] - openBrowser(""): Browser is opened with url: ''

07-02-2024T20:12:12 - [MESSAGE][WARNING] - A browser is already opened. Closing browser and opening a new one

07-02-2024T20:12:12 - [MESSAGE][INFO] - Starting 'Chrome' driver

07-02-2024T20:12:12 - [MESSAGE][INFO] - Action delay is set to 0 milliseconds

07-02-2024T20:12:13 - [MESSAGE][PASSED] - Browser is opened with url: ''

07-02-2024T20:12:13 - [TEST_STEP][PASSED] - navigateToUrl("https://www.amazon.in/"): Navigate to 'https://www.amazon.in/' successfully

07-02-2024T20:12:14 - [MESSAGE][PASSED] - Navigate to 'https://www.amazon.in/' successfully

07-02-2024T20:12:14 - [TEST_STEP][PASSED] - openBrowser(""): Browser is opened with url: ''

07-02-2024T20:12:14 - [MESSAGE][WARNING] - A browser is already opened. Closing browser and opening a new one

07-02-2024T20:12:14 - [MESSAGE][INFO] - Starting 'Chrome' driver

07-02-2024T20:12:14 - [MESSAGE][INFO] - Action delay is set to 0 milliseconds

07-02-2024T20:12:14 - [MESSAGE][PASSED] - Browser is opened with url: ''

07-02-2024T20:12:14 - [TEST_STEP][PASSED] - navigateToUrl("https://www.amazon.in/"): Navigate to 'https://www.amazon.in/' successfully

07-02-2024T20:12:16 - [MESSAGE][PASSED] - Navigate to 'https://www.amazon.in/' successfully

07-02-2024T20:12:16 - [TEST_STEP][PASSED] - click(findTestObject("Object Repository/Amazon_testcase_004_OR/span_Hello, sign in")): Object: 'Object Repository/Amazon_testcase_004_OR/span_Hello, sign in' is clicked on

07-02-2024T20:12:17 - [MESSAGE][PASSED] - Object: 'Object Repository/Amazon_testcase_004_OR/span_Hello, sign in' is clicked on

07-02-2024T20:12:17 - [TEST_STEP][PASSED] - setText(findTestObject("Object Repository/Amazon_testcase_004_OR/input_email"), PhoneNo): Text '9553847074' is set on object 'Object Repository/Amazon_testcase_004_OR/input_email'

07-02-2024T20:12:19 - [MESSAGE][PASSED] - Text '9553847074' is set on object 'Object Repository/Amazon_testcase_004_OR/input_email'

07-02-2024T20:12:19 - [TEST_STEP][PASSED] - click(findTestObject("Object Repository/Amazon_testcase_004_OR/inputcontinue")): Object: 'Object Repository/Amazon_testcase_004_OR/inputcontinue' is clicked on

07-02-2024T20:12:20 - [MESSAGE][PASSED] - Object: 'Object Repository/Amazon_testcase_004_OR/inputcontinue' is clicked on

07-02-2024T20:12:20 - [TEST_STEP][PASSED] - setEncryptedText(findTestObject("Object Repository/Amazon_testcase_004_OR/input_password"), "sWIDqSuYDTb6OdfrXQbw6w=="): Text ****** has been set on object 'Object Repository/Amazon_testcase_004_OR/input_password'

07-02-2024T20:12:21 - [MESSAGE][PASSED] - Text ****** has been set on object 'Object Repository/Amazon_testcase_004_OR/input_password'

07-02-2024T20:12:21 - [TEST_STEP][PASSED] - click(findTestObject("Object Repository/Amazon_testcase_004_OR/inputsignInSubmit")): Object: 'Object Repository/Amazon_testcase_004_OR/inputsignInSubmit' is clicked on

07-02-2024T20:12:21 - [MESSAGE][PASSED] - Object: 'Object Repository/Amazon_testcase_004_OR/inputsignInSubmit' is clicked on

07-02-2024T20:12:21 - [TEST_STEP][PASSED] - click(findTestObject("Object Repository/Amazon_testcase_004_OR/span_Hyderabad 500058")): Object: 'Object Repository/Amazon_testcase_004_OR/span_Hyderabad 500058' is clicked on

07-02-2024T20:12:24 - [MESSAGE][PASSED] - Object: 'Object Repository/Amazon_testcase_004_OR/span_Hyderabad 500058' is clicked on

07-02-2024T20:12:24 - [TEST_STEP][PASSED] - setText(findTestObject("Amazon_testcase_004_button_OR/input_or enter a US zip code_GLUXZipUpdateInput"), PinCode): Text '500056
' is set on object 'Object Repository/Amazon_testcase_004_button_OR/input_or enter a US zip code_GLUXZipUpdateInput'

07-02-2024T20:12:26 - [MESSAGE][PASSED] - Text '500056
' is set on object 'Object Repository/Amazon_testcase_004_button_OR/input_or enter a US zip code_GLUXZipUpdateInput'

07-02-2024T20:12:26 - [TEST_STEP][PASSED] - click(findTestObject("Amazon_testcase_004_OR/input_a-button-input")): Object: 'Object Repository/Amazon_testcase_004_OR/input_a-button-input' is clicked on

07-02-2024T20:12:29 - [MESSAGE][PASSED] - Object: 'Object Repository/Amazon_testcase_004_OR/input_a-button-input' is clicked on

07-02-2024T20:12:29 - [TEST_STEP][PASSED] - closeBrowser(): Browser is closed

07-02-2024T20:12:29 - [MESSAGE][PASSED] - Browser is closed

07-02-2024T20:12:29 - [TEST_STEP][PASSED] - Start listener action : sampleAfterTestCase: Browser is closed

07-02-2024T20:12:29 - [TEST_STEP][PASSED] - closeBrowser(): Browser is closed

07-02-2024T20:12:29 - [MESSAGE][PASSED] - Browser is closed

07-02-2024T20:12:29 - [TEST_STEP][PASSED] - Start listener action : sampleAfterTestCase: Browser is closed

07-02-2024T20:12:29 - [TEST_STEP][PASSED] - closeBrowser(): Browser is closed

07-02-2024T20:12:29 - [MESSAGE][PASSED] - Browser is closed

07-02-2024T20:12:29 - [TEST_STEP][PASSED] - Start listener action : sampleAfterTestCase: Browser is closed

07-02-2024T20:12:29 - [TEST_STEP][PASSED] - closeBrowser(): Browser is closed

07-02-2024T20:12:29 - [MESSAGE][PASSED] - Browser is closed]]></system-out>
         <system-err><![CDATA[]]></system-err>
      </testcase>
      <system-out><![CDATA[07-02-2024T20:12:09 - [TEST_SUITE][PASSED] - Amazon_testcase_004_testsuite: Test Cases/Amazon_testcase_004]]></system-out>
      <system-err><![CDATA[]]></system-err>
   </testsuite>
</testsuites>
