<?xml version="1.0" encoding="UTF-8"?>
<testsuites name="Amazon_testcase_005_testsuite" time="24.37" tests="1" failures="0" errors="0">
   <testsuite name="Amazon_testcase_005_testsuite" tests="1" failures="0" errors="0" time="24.37" skipped="0" timestamp="07-02-2024T20:36:06" hostname="harishbogam - localhost" id="Test Suites/Amazon_testcase_005_testsuite">
      <properties>
         <property name="deviceName" value=""/>
         <property name="devicePlatform" value=""/>
         <property name="logFolder" value="/Users/harishbogam/git/Amazon_projectAA/Reports/20240207_203603/Amazon_testcase_005_testsuite/20240207_203604"/>
         <property name="logFiles" value="/Users/harishbogam/git/Amazon_projectAA/Reports/20240207_203603/Amazon_testcase_005_testsuite/20240207_203604/execution0.log"/>
         <property name="attachments" value=""/>
         <property name="hostName" value="harishbogam - localhost"/>
         <property name="os" value="Mac OS X 64bit"/>
         <property name="katalonVersion" value="9.2.0.212"/>
         <property name="browser" value="Chrome 121.0.0.0"/>
         <property name="hostAddress" value="127.0.0.1"/>
         <property name="sessionId" value="37c569700bf39d63564dc9cc67bf6abf"/>
         <property name="seleniumVersion" value="3.141.59"/>
         <property name="proxyInformation" value="ProxyInformation { proxyOption=NO_PROXY, proxyServerType=HTTP, username=, password=********, proxyServerAddress=, proxyServerPort=0, executionList=&quot;&quot;, isApplyToDesiredCapabilities=true }"/>
         <property name="platform" value="Mac OS X"/>
      </properties>
      <testcase name="Test Cases/Amazon_testcase_005" time="24.293" classname="Test Cases/Amazon_testcase_005" status="PASSED">
         <system-out><![CDATA[07-02-2024T20:36:06 - [TEST_CASE][PASSED] - Test Cases/Amazon_testcase_005: Test Cases/Amazon_testcase_005

07-02-2024T20:36:06 - [TEST_STEP][PASSED] - Start listener action : sampleBeforeTestCase: Navigate to 'https://www.amazon.in/' successfully

07-02-2024T20:36:06 - [TEST_STEP][PASSED] - openBrowser(""): Browser is opened with url: ''

07-02-2024T20:36:06 - [MESSAGE][INFO] - Starting 'Chrome' driver

07-02-2024T20:36:06 - [MESSAGE][INFO] - Action delay is set to 0 milliseconds

07-02-2024T20:36:07 - [MESSAGE][PASSED] - Browser is opened with url: ''

07-02-2024T20:36:07 - [TEST_STEP][PASSED] - navigateToUrl("https://www.amazon.in/"): Navigate to 'https://www.amazon.in/' successfully

07-02-2024T20:36:08 - [MESSAGE][PASSED] - Navigate to 'https://www.amazon.in/' successfully

07-02-2024T20:36:08 - [TEST_STEP][PASSED] - Start listener action : sampleBeforeTestCase: Navigate to 'https://www.amazon.in/' successfully

07-02-2024T20:36:08 - [TEST_STEP][PASSED] - openBrowser(""): Browser is opened with url: ''

07-02-2024T20:36:08 - [MESSAGE][WARNING] - A browser is already opened. Closing browser and opening a new one

07-02-2024T20:36:08 - [MESSAGE][INFO] - Starting 'Chrome' driver

07-02-2024T20:36:08 - [MESSAGE][INFO] - Action delay is set to 0 milliseconds

07-02-2024T20:36:09 - [MESSAGE][PASSED] - Browser is opened with url: ''

07-02-2024T20:36:09 - [TEST_STEP][PASSED] - navigateToUrl("https://www.amazon.in/"): Navigate to 'https://www.amazon.in/' successfully

07-02-2024T20:36:10 - [MESSAGE][PASSED] - Navigate to 'https://www.amazon.in/' successfully

07-02-2024T20:36:10 - [TEST_STEP][PASSED] - Start listener action : sampleBeforeTestCase: Navigate to 'https://www.amazon.in/' successfully

07-02-2024T20:36:10 - [TEST_STEP][PASSED] - openBrowser(""): Browser is opened with url: ''

07-02-2024T20:36:10 - [MESSAGE][WARNING] - A browser is already opened. Closing browser and opening a new one

07-02-2024T20:36:10 - [MESSAGE][INFO] - Starting 'Chrome' driver

07-02-2024T20:36:10 - [MESSAGE][INFO] - Action delay is set to 0 milliseconds

07-02-2024T20:36:10 - [MESSAGE][PASSED] - Browser is opened with url: ''

07-02-2024T20:36:10 - [TEST_STEP][PASSED] - navigateToUrl("https://www.amazon.in/"): Navigate to 'https://www.amazon.in/' successfully

07-02-2024T20:36:12 - [MESSAGE][PASSED] - Navigate to 'https://www.amazon.in/' successfully

07-02-2024T20:36:12 - [TEST_STEP][PASSED] - Start listener action : sampleBeforeTestCase: Navigate to 'https://www.amazon.in/' successfully

07-02-2024T20:36:12 - [TEST_STEP][PASSED] - openBrowser(""): Browser is opened with url: ''

07-02-2024T20:36:12 - [MESSAGE][WARNING] - A browser is already opened. Closing browser and opening a new one

07-02-2024T20:36:12 - [MESSAGE][INFO] - Starting 'Chrome' driver

07-02-2024T20:36:12 - [MESSAGE][INFO] - Action delay is set to 0 milliseconds

07-02-2024T20:36:13 - [MESSAGE][PASSED] - Browser is opened with url: ''

07-02-2024T20:36:13 - [TEST_STEP][PASSED] - navigateToUrl("https://www.amazon.in/"): Navigate to 'https://www.amazon.in/' successfully

07-02-2024T20:36:13 - [MESSAGE][PASSED] - Navigate to 'https://www.amazon.in/' successfully

07-02-2024T20:36:13 - [TEST_STEP][PASSED] - openBrowser(""): Browser is opened with url: ''

07-02-2024T20:36:13 - [MESSAGE][WARNING] - A browser is already opened. Closing browser and opening a new one

07-02-2024T20:36:13 - [MESSAGE][INFO] - Starting 'Chrome' driver

07-02-2024T20:36:13 - [MESSAGE][INFO] - Action delay is set to 0 milliseconds

07-02-2024T20:36:14 - [MESSAGE][PASSED] - Browser is opened with url: ''

07-02-2024T20:36:14 - [TEST_STEP][PASSED] - navigateToUrl("https://www.amazon.in/"): Navigate to 'https://www.amazon.in/' successfully

07-02-2024T20:36:16 - [MESSAGE][PASSED] - Navigate to 'https://www.amazon.in/' successfully

07-02-2024T20:36:16 - [TEST_STEP][PASSED] - click(findTestObject("Object Repository/Amazon_testcase_005_OR/span_Hello, sign in")): Object: 'Object Repository/Amazon_testcase_005_OR/span_Hello, sign in' is clicked on

07-02-2024T20:36:17 - [MESSAGE][PASSED] - Object: 'Object Repository/Amazon_testcase_005_OR/span_Hello, sign in' is clicked on

07-02-2024T20:36:17 - [TEST_STEP][PASSED] - setText(findTestObject("Amazon_testcase_005_button_OR/input_Email or mobile phone number_email"), "9553847074"): Text '9553847074' is set on object 'Object Repository/Amazon_testcase_005_button_OR/input_Email or mobile phone number_email'

07-02-2024T20:36:18 - [MESSAGE][PASSED] - Text '9553847074' is set on object 'Object Repository/Amazon_testcase_005_button_OR/input_Email or mobile phone number_email'

07-02-2024T20:36:18 - [TEST_STEP][PASSED] - click(findTestObject("Object Repository/Amazon_testcase_005_OR/inputcontinue")): Object: 'Object Repository/Amazon_testcase_005_OR/inputcontinue' is clicked on

07-02-2024T20:36:19 - [MESSAGE][PASSED] - Object: 'Object Repository/Amazon_testcase_005_OR/inputcontinue' is clicked on

07-02-2024T20:36:19 - [TEST_STEP][PASSED] - setEncryptedText(findTestObject("Object Repository/Amazon_testcase_005_OR/input_password"), "sWIDqSuYDTb6OdfrXQbw6w=="): Text ****** has been set on object 'Object Repository/Amazon_testcase_005_OR/input_password'

07-02-2024T20:36:20 - [MESSAGE][PASSED] - Text ****** has been set on object 'Object Repository/Amazon_testcase_005_OR/input_password'

07-02-2024T20:36:20 - [TEST_STEP][PASSED] - click(findTestObject("Object Repository/Amazon_testcase_005_OR/inputsignInSubmit")): Object: 'Object Repository/Amazon_testcase_005_OR/inputsignInSubmit' is clicked on

07-02-2024T20:36:20 - [MESSAGE][PASSED] - Object: 'Object Repository/Amazon_testcase_005_OR/inputsignInSubmit' is clicked on

07-02-2024T20:36:20 - [TEST_STEP][PASSED] - selectOptionByValue(findTestObject("Amazon_testcase_005_button_OR/select_All Departments"), "search-alias=stripbooks", true): All options with value 'search-alias=stripbooks' are selected in object 'Object Repository/Amazon_testcase_005_button_OR/select_All Departments'  using regular expression

07-02-2024T20:36:25 - [MESSAGE][PASSED] - All options with value 'search-alias=stripbooks' are selected in object 'Object Repository/Amazon_testcase_005_button_OR/select_All Departments'  using regular expression

07-02-2024T20:36:25 - [TEST_STEP][PASSED] - setText(findTestObject("Object Repository/Amazon_testcase_005_OR/input_field-keywords (1)"), "da vinci code(Abrid"): Text 'da vinci code(Abrid' is set on object 'Object Repository/Amazon_testcase_005_OR/input_field-keywords (1)'

07-02-2024T20:36:26 - [MESSAGE][PASSED] - Text 'da vinci code(Abrid' is set on object 'Object Repository/Amazon_testcase_005_OR/input_field-keywords (1)'

07-02-2024T20:36:26 - [TEST_STEP][PASSED] - click(findTestObject("Object Repository/Amazon_testcase_005_OR/inputnav-search-submit-button")): Object: 'Object Repository/Amazon_testcase_005_OR/inputnav-search-submit-button' is clicked on

07-02-2024T20:36:29 - [MESSAGE][PASSED] - Object: 'Object Repository/Amazon_testcase_005_OR/inputnav-search-submit-button' is clicked on

07-02-2024T20:36:29 - [TEST_STEP][PASSED] - click(findTestObject("Object Repository/Amazon_testcase_005_OR/span_The Da Vinci Code (Abridged Edition) P_4896eb")): Object: 'Object Repository/Amazon_testcase_005_OR/span_The Da Vinci Code (Abridged Edition) P_4896eb' is clicked on

07-02-2024T20:36:30 - [MESSAGE][PASSED] - Object: 'Object Repository/Amazon_testcase_005_OR/span_The Da Vinci Code (Abridged Edition) P_4896eb' is clicked on

07-02-2024T20:36:30 - [TEST_STEP][PASSED] - closeBrowser(): Browser is closed

07-02-2024T20:36:30 - [MESSAGE][PASSED] - Browser is closed

07-02-2024T20:36:30 - [TEST_STEP][PASSED] - Start listener action : sampleAfterTestCase: Browser is closed

07-02-2024T20:36:30 - [TEST_STEP][PASSED] - closeBrowser(): Browser is closed

07-02-2024T20:36:30 - [MESSAGE][PASSED] - Browser is closed

07-02-2024T20:36:30 - [TEST_STEP][PASSED] - Start listener action : sampleAfterTestCase: Browser is closed

07-02-2024T20:36:30 - [TEST_STEP][PASSED] - closeBrowser(): Browser is closed

07-02-2024T20:36:30 - [MESSAGE][PASSED] - Browser is closed

07-02-2024T20:36:30 - [TEST_STEP][PASSED] - Start listener action : sampleAfterTestCase: Browser is closed

07-02-2024T20:36:30 - [TEST_STEP][PASSED] - closeBrowser(): Browser is closed

07-02-2024T20:36:30 - [MESSAGE][PASSED] - Browser is closed

07-02-2024T20:36:30 - [TEST_STEP][PASSED] - Start listener action : sampleAfterTestCase: Browser is closed

07-02-2024T20:36:30 - [TEST_STEP][PASSED] - closeBrowser(): Browser is closed

07-02-2024T20:36:30 - [MESSAGE][PASSED] - Browser is closed]]></system-out>
         <system-err><![CDATA[]]></system-err>
      </testcase>
      <system-out><![CDATA[07-02-2024T20:36:06 - [TEST_SUITE][PASSED] - Amazon_testcase_005_testsuite: Test Cases/Amazon_testcase_005]]></system-out>
      <system-err><![CDATA[]]></system-err>
   </testsuite>
</testsuites>
