<?xml version="1.0" encoding="UTF-8"?>
<testsuites name="Amazon_tescase_003_testlistener" time="28.205" tests="1" failures="0" errors="0">
   <testsuite name="Amazon_tescase_003_testlistener" tests="1" failures="0" errors="0" time="28.205" skipped="0" timestamp="07-02-2024T19:39:01" hostname="harishbogam - localhost" id="Test Suites/Amazon_tescase_003_testlistener">
      <properties>
         <property name="deviceName" value=""/>
         <property name="devicePlatform" value=""/>
         <property name="logFolder" value="/Users/harishbogam/git/Amazon_projectAA/Reports/20240207_193858/Amazon_tescase_003_testlistener/20240207_193859"/>
         <property name="logFiles" value="/Users/harishbogam/git/Amazon_projectAA/Reports/20240207_193858/Amazon_tescase_003_testlistener/20240207_193859/execution0.log"/>
         <property name="attachments" value=""/>
         <property name="hostName" value="harishbogam - localhost"/>
         <property name="os" value="Mac OS X 64bit"/>
         <property name="katalonVersion" value="9.2.0.212"/>
         <property name="browser" value="Chrome 121.0.0.0"/>
         <property name="hostAddress" value="127.0.0.1"/>
         <property name="sessionId" value="fa8b40e970d3a1527b7c61cb1df5585c"/>
         <property name="seleniumVersion" value="3.141.59"/>
         <property name="proxyInformation" value="ProxyInformation { proxyOption=NO_PROXY, proxyServerType=HTTP, username=, password=********, proxyServerAddress=, proxyServerPort=0, executionList=&quot;&quot;, isApplyToDesiredCapabilities=true }"/>
         <property name="platform" value="Mac OS X"/>
      </properties>
      <testcase name="Test Cases/Amazon_testcase_003" time="28.135" classname="Test Cases/Amazon_testcase_003" status="PASSED">
         <system-out><![CDATA[07-02-2024T19:39:01 - [TEST_CASE][PASSED] - Test Cases/Amazon_testcase_003: Test Cases/Amazon_testcase_003

07-02-2024T19:39:01 - [TEST_STEP][PASSED] - Start listener action : sampleBeforeTestCase: Navigate to 'https://www.amazon.in/' successfully

07-02-2024T19:39:01 - [TEST_STEP][PASSED] - openBrowser(""): Browser is opened with url: ''

07-02-2024T19:39:01 - [MESSAGE][INFO] - Starting 'Chrome' driver

07-02-2024T19:39:01 - [MESSAGE][INFO] - Action delay is set to 0 milliseconds

07-02-2024T19:39:02 - [MESSAGE][PASSED] - Browser is opened with url: ''

07-02-2024T19:39:02 - [TEST_STEP][PASSED] - navigateToUrl("https://www.amazon.in/"): Navigate to 'https://www.amazon.in/' successfully

07-02-2024T19:39:03 - [MESSAGE][PASSED] - Navigate to 'https://www.amazon.in/' successfully

07-02-2024T19:39:03 - [TEST_STEP][PASSED] - Start listener action : sampleBeforeTestCase: Navigate to 'https://www.amazon.in/' successfully

07-02-2024T19:39:03 - [TEST_STEP][PASSED] - openBrowser(""): Browser is opened with url: ''

07-02-2024T19:39:03 - [MESSAGE][WARNING] - A browser is already opened. Closing browser and opening a new one

07-02-2024T19:39:03 - [MESSAGE][INFO] - Starting 'Chrome' driver

07-02-2024T19:39:03 - [MESSAGE][INFO] - Action delay is set to 0 milliseconds

07-02-2024T19:39:04 - [MESSAGE][PASSED] - Browser is opened with url: ''

07-02-2024T19:39:04 - [TEST_STEP][PASSED] - navigateToUrl("https://www.amazon.in/"): Navigate to 'https://www.amazon.in/' successfully

07-02-2024T19:39:04 - [MESSAGE][PASSED] - Navigate to 'https://www.amazon.in/' successfully

07-02-2024T19:39:04 - [TEST_STEP][PASSED] - Start listener action : sampleBeforeTestCase: Navigate to 'https://www.amazon.in/' successfully

07-02-2024T19:39:04 - [TEST_STEP][PASSED] - openBrowser(""): Browser is opened with url: ''

07-02-2024T19:39:04 - [MESSAGE][WARNING] - A browser is already opened. Closing browser and opening a new one

07-02-2024T19:39:04 - [MESSAGE][INFO] - Starting 'Chrome' driver

07-02-2024T19:39:04 - [MESSAGE][INFO] - Action delay is set to 0 milliseconds

07-02-2024T19:39:05 - [MESSAGE][PASSED] - Browser is opened with url: ''

07-02-2024T19:39:05 - [TEST_STEP][PASSED] - navigateToUrl("https://www.amazon.in/"): Navigate to 'https://www.amazon.in/' successfully

07-02-2024T19:39:06 - [MESSAGE][PASSED] - Navigate to 'https://www.amazon.in/' successfully

07-02-2024T19:39:07 - [TEST_STEP][PASSED] - openBrowser(""): Browser is opened with url: ''

07-02-2024T19:39:07 - [MESSAGE][WARNING] - A browser is already opened. Closing browser and opening a new one

07-02-2024T19:39:07 - [MESSAGE][INFO] - Starting 'Chrome' driver

07-02-2024T19:39:07 - [MESSAGE][INFO] - Action delay is set to 0 milliseconds

07-02-2024T19:39:07 - [MESSAGE][PASSED] - Browser is opened with url: ''

07-02-2024T19:39:07 - [TEST_STEP][PASSED] - navigateToUrl("https://www.amazon.in/"): Navigate to 'https://www.amazon.in/' successfully

07-02-2024T19:39:09 - [MESSAGE][PASSED] - Navigate to 'https://www.amazon.in/' successfully

07-02-2024T19:39:09 - [TEST_STEP][PASSED] - click(findTestObject("Object Repository/Amazon_testcase_003_OR/span_Hello, sign in")): Object: 'Object Repository/Amazon_testcase_003_OR/span_Hello, sign in' is clicked on

07-02-2024T19:39:10 - [MESSAGE][PASSED] - Object: 'Object Repository/Amazon_testcase_003_OR/span_Hello, sign in' is clicked on

07-02-2024T19:39:10 - [TEST_STEP][PASSED] - setText(findTestObject("Amazon_testcase_003_button_OR/input_Email or mobile phone number_email"), PhoneNo): Text '' is set on object 'Object Repository/Amazon_testcase_003_button_OR/input_Email or mobile phone number_email'

07-02-2024T19:39:12 - [MESSAGE][PASSED] - Text '' is set on object 'Object Repository/Amazon_testcase_003_button_OR/input_Email or mobile phone number_email'

07-02-2024T19:39:12 - [TEST_STEP][PASSED] - click(findTestObject("Object Repository/Amazon_testcase_003_OR/inputcontinue")): Object: 'Object Repository/Amazon_testcase_003_OR/inputcontinue' is clicked on

07-02-2024T19:39:12 - [MESSAGE][PASSED] - Object: 'Object Repository/Amazon_testcase_003_OR/inputcontinue' is clicked on

07-02-2024T19:39:12 - [TEST_STEP][PASSED] - setEncryptedText(findTestObject("Object Repository/Amazon_testcase_003_OR/input_password"), "sWIDqSuYDTb6OdfrXQbw6w=="): Text ****** has been set on object 'Object Repository/Amazon_testcase_003_OR/input_password'

07-02-2024T19:39:24 - [MESSAGE][PASSED] - Text ****** has been set on object 'Object Repository/Amazon_testcase_003_OR/input_password'

07-02-2024T19:39:24 - [TEST_STEP][PASSED] - click(findTestObject("Object Repository/Amazon_testcase_003_OR/inputsignInSubmit")): Object: 'Object Repository/Amazon_testcase_003_OR/inputsignInSubmit' is clicked on

07-02-2024T19:39:24 - [MESSAGE][PASSED] - Object: 'Object Repository/Amazon_testcase_003_OR/inputsignInSubmit' is clicked on

07-02-2024T19:39:24 - [TEST_STEP][PASSED] - click(findTestObject("Object Repository/Amazon_testcase_003_OR/span_Account  Lists")): Object: 'Object Repository/Amazon_testcase_003_OR/span_Account  Lists' is clicked on

07-02-2024T19:39:27 - [MESSAGE][PASSED] - Object: 'Object Repository/Amazon_testcase_003_OR/span_Account  Lists' is clicked on

07-02-2024T19:39:27 - [TEST_STEP][PASSED] - click(findTestObject("Amazon_testcase_003_button_OR/h2_Your Orders")): Object: 'Object Repository/Amazon_testcase_003_button_OR/h2_Your Orders' is clicked on

07-02-2024T19:39:29 - [MESSAGE][PASSED] - Object: 'Object Repository/Amazon_testcase_003_button_OR/h2_Your Orders' is clicked on

07-02-2024T19:39:29 - [TEST_STEP][PASSED] - closeBrowser(): Browser is closed

07-02-2024T19:39:29 - [MESSAGE][PASSED] - Browser is closed

07-02-2024T19:39:29 - [TEST_STEP][PASSED] - Start listener action : sampleAfterTestCase: Browser is closed

07-02-2024T19:39:29 - [TEST_STEP][PASSED] - closeBrowser(): Browser is closed

07-02-2024T19:39:29 - [MESSAGE][PASSED] - Browser is closed

07-02-2024T19:39:29 - [TEST_STEP][PASSED] - Start listener action : sampleAfterTestCase: Browser is closed

07-02-2024T19:39:29 - [TEST_STEP][PASSED] - closeBrowser(): Browser is closed

07-02-2024T19:39:29 - [MESSAGE][PASSED] - Browser is closed

07-02-2024T19:39:29 - [TEST_STEP][PASSED] - Start listener action : sampleAfterTestCase: Browser is closed

07-02-2024T19:39:29 - [TEST_STEP][PASSED] - closeBrowser(): Browser is closed

07-02-2024T19:39:29 - [MESSAGE][PASSED] - Browser is closed]]></system-out>
         <system-err><![CDATA[]]></system-err>
      </testcase>
      <system-out><![CDATA[07-02-2024T19:39:01 - [TEST_SUITE][PASSED] - Amazon_tescase_003_testlistener: Test Cases/Amazon_testcase_003]]></system-out>
      <system-err><![CDATA[]]></system-err>
   </testsuite>
</testsuites>
