<?xml version="1.0" encoding="UTF-8"?>
<testsuites name="Amazon_testcase_003_testsuitecollection" time="39.34" tests="1" failures="0" errors="0">
   <testsuite name="Amazon_testcase_003_testsuite" tests="1" failures="0" errors="0" time="37.825" skipped="0" timestamp="07-02-2024T18:59:34" hostname="harishbogam - localhost" id="Test Suites/Amazon_testcase_003_testsuite">
      <properties>
         <property name="deviceName" value=""/>
         <property name="devicePlatform" value=""/>
         <property name="logFolder" value="/Users/harishbogam/git/Amazon_projectAA/Reports/20240207_185931/Amazon_testcase_003_testsuite/20240207_185932"/>
         <property name="logFiles" value="/Users/harishbogam/git/Amazon_projectAA/Reports/20240207_185931/Amazon_testcase_003_testsuite/20240207_185932/execution0.log"/>
         <property name="attachments" value=""/>
         <property name="hostName" value="harishbogam - localhost"/>
         <property name="os" value="Mac OS X 64bit"/>
         <property name="katalonVersion" value="9.2.0.212"/>
         <property name="browser" value="Chrome 121.0.0.0"/>
         <property name="hostAddress" value="127.0.0.1"/>
         <property name="sessionId" value="f4ae51024ffcd899c6f9a7310aec4115"/>
         <property name="seleniumVersion" value="3.141.59"/>
         <property name="proxyInformation" value="ProxyInformation { proxyOption=NO_PROXY, proxyServerType=HTTP, username=, password=********, proxyServerAddress=, proxyServerPort=0, executionList=&quot;&quot;, isApplyToDesiredCapabilities=true }"/>
         <property name="platform" value="Mac OS X"/>
      </properties>
      <testcase name="Test Cases/Amazon_testcase_003" time="37.752" classname="Test Cases/Amazon_testcase_003" status="PASSED">
         <system-out><![CDATA[07-02-2024T18:59:35 - [TEST_CASE][PASSED] - Test Cases/Amazon_testcase_003: Test Cases/Amazon_testcase_003

07-02-2024T18:59:35 - [TEST_STEP][PASSED] - Start listener action : sampleBeforeTestCase: Navigate to 'https://www.amazon.in/' successfully

07-02-2024T18:59:35 - [TEST_STEP][PASSED] - openBrowser(""): Browser is opened with url: ''

07-02-2024T18:59:35 - [MESSAGE][INFO] - Starting 'Chrome' driver

07-02-2024T18:59:35 - [MESSAGE][INFO] - Action delay is set to 0 milliseconds

07-02-2024T18:59:36 - [MESSAGE][PASSED] - Browser is opened with url: ''

07-02-2024T18:59:36 - [TEST_STEP][PASSED] - navigateToUrl("https://www.amazon.in/"): Navigate to 'https://www.amazon.in/' successfully

07-02-2024T18:59:37 - [MESSAGE][PASSED] - Navigate to 'https://www.amazon.in/' successfully

07-02-2024T18:59:37 - [TEST_STEP][PASSED] - Start listener action : sampleBeforeTestCase: Navigate to 'https://www.amazon.in/' successfully

07-02-2024T18:59:37 - [TEST_STEP][PASSED] - openBrowser(""): Browser is opened with url: ''

07-02-2024T18:59:37 - [MESSAGE][WARNING] - A browser is already opened. Closing browser and opening a new one

07-02-2024T18:59:37 - [MESSAGE][INFO] - Starting 'Chrome' driver

07-02-2024T18:59:37 - [MESSAGE][INFO] - Action delay is set to 0 milliseconds

07-02-2024T18:59:37 - [MESSAGE][PASSED] - Browser is opened with url: ''

07-02-2024T18:59:37 - [TEST_STEP][PASSED] - navigateToUrl("https://www.amazon.in/"): Navigate to 'https://www.amazon.in/' successfully

07-02-2024T18:59:39 - [MESSAGE][PASSED] - Navigate to 'https://www.amazon.in/' successfully

07-02-2024T18:59:39 - [TEST_STEP][PASSED] - openBrowser(""): Browser is opened with url: ''

07-02-2024T18:59:39 - [MESSAGE][WARNING] - A browser is already opened. Closing browser and opening a new one

07-02-2024T18:59:39 - [MESSAGE][INFO] - Starting 'Chrome' driver

07-02-2024T18:59:39 - [MESSAGE][INFO] - Action delay is set to 0 milliseconds

07-02-2024T18:59:40 - [MESSAGE][PASSED] - Browser is opened with url: ''

07-02-2024T18:59:40 - [TEST_STEP][PASSED] - navigateToUrl("https://www.amazon.in/"): Navigate to 'https://www.amazon.in/' successfully

07-02-2024T18:59:41 - [MESSAGE][PASSED] - Navigate to 'https://www.amazon.in/' successfully

07-02-2024T18:59:41 - [TEST_STEP][PASSED] - click(findTestObject("Object Repository/Amazon_testcase_003_OR/span_Hello, sign in")): Object: 'Object Repository/Amazon_testcase_003_OR/span_Hello, sign in' is clicked on

07-02-2024T18:59:54 - [MESSAGE][PASSED] - Object: 'Object Repository/Amazon_testcase_003_OR/span_Hello, sign in' is clicked on

07-02-2024T18:59:54 - [TEST_STEP][PASSED] - setText(findTestObject("Amazon_testcase_003_button_OR/input_Email or mobile phone number_email"), "9553847074"): Text '9553847074' is set on object 'Object Repository/Amazon_testcase_003_button_OR/input_Email or mobile phone number_email'

07-02-2024T18:59:55 - [MESSAGE][PASSED] - Text '9553847074' is set on object 'Object Repository/Amazon_testcase_003_button_OR/input_Email or mobile phone number_email'

07-02-2024T18:59:55 - [TEST_STEP][PASSED] - click(findTestObject("Object Repository/Amazon_testcase_003_OR/inputcontinue")): Object: 'Object Repository/Amazon_testcase_003_OR/inputcontinue' is clicked on

07-02-2024T18:59:56 - [MESSAGE][PASSED] - Object: 'Object Repository/Amazon_testcase_003_OR/inputcontinue' is clicked on

07-02-2024T18:59:56 - [TEST_STEP][PASSED] - setEncryptedText(findTestObject("Amazon_testcase_003_button_OR/input_Forgot your password_password"), "sWIDqSuYDTb6OdfrXQbw6w=="): Text ****** has been set on object 'Object Repository/Amazon_testcase_003_button_OR/input_Forgot your password_password'

07-02-2024T18:59:57 - [MESSAGE][PASSED] - Text ****** has been set on object 'Object Repository/Amazon_testcase_003_button_OR/input_Forgot your password_password'

07-02-2024T18:59:57 - [TEST_STEP][PASSED] - click(findTestObject("Object Repository/Amazon_testcase_003_OR/inputsignInSubmit")): Object: 'Object Repository/Amazon_testcase_003_OR/inputsignInSubmit' is clicked on

07-02-2024T18:59:58 - [MESSAGE][PASSED] - Object: 'Object Repository/Amazon_testcase_003_OR/inputsignInSubmit' is clicked on

07-02-2024T18:59:58 - [TEST_STEP][PASSED] - selectOptionByValue(findTestObject("Amazon_testcase_003_button_OR/select_All Departments"), "search-alias=stripbooks", true): All options with value 'search-alias=stripbooks' are selected in object 'Object Repository/Amazon_testcase_003_button_OR/select_All Departments'  using regular expression

07-02-2024T19:00:01 - [MESSAGE][PASSED] - All options with value 'search-alias=stripbooks' are selected in object 'Object Repository/Amazon_testcase_003_button_OR/select_All Departments'  using regular expression

07-02-2024T19:00:01 - [TEST_STEP][PASSED] - setText(findTestObject("Amazon_testcase_003_button_OR/input_Search Amazon_field-keywords"), "da vinci code"): Text 'da vinci code' is set on object 'Object Repository/Amazon_testcase_003_button_OR/input_Search Amazon_field-keywords'

07-02-2024T19:00:03 - [MESSAGE][PASSED] - Text 'da vinci code' is set on object 'Object Repository/Amazon_testcase_003_button_OR/input_Search Amazon_field-keywords'

07-02-2024T19:00:03 - [TEST_STEP][PASSED] - click(findTestObject("Object Repository/Amazon_testcase_003_OR/inputnav-search-submit-button")): Object: 'Object Repository/Amazon_testcase_003_OR/inputnav-search-submit-button' is clicked on

07-02-2024T19:00:05 - [MESSAGE][PASSED] - Object: 'Object Repository/Amazon_testcase_003_OR/inputnav-search-submit-button' is clicked on

07-02-2024T19:00:05 - [TEST_STEP][PASSED] - click(findTestObject("Object Repository/Amazon_testcase_003_OR/span_The Da Vinci Code (Abridged Edition) P_4896eb")): Object: 'Object Repository/Amazon_testcase_003_OR/span_The Da Vinci Code (Abridged Edition) P_4896eb' is clicked on

07-02-2024T19:00:06 - [MESSAGE][PASSED] - Object: 'Object Repository/Amazon_testcase_003_OR/span_The Da Vinci Code (Abridged Edition) P_4896eb' is clicked on

07-02-2024T19:00:06 - [TEST_STEP][PASSED] - switchToWindowTitle("The Da Vinci Code (Abridged Edition) [Paperback] Brown, Dan : BROWN DAN: Amazon.in: Books"): Switched to window with title: 'The Da Vinci Code (Abridged Edition) [Paperback] Brown, Dan : BROWN DAN: Amazon.in: Books'

07-02-2024T19:00:10 - [MESSAGE][PASSED] - Switched to window with title: 'The Da Vinci Code (Abridged Edition) [Paperback] Brown, Dan : BROWN DAN: Amazon.in: Books'

07-02-2024T19:00:10 - [TEST_STEP][PASSED] - click(findTestObject("Object Repository/Amazon_testcase_003_OR/input_submit.add-to-cart")): Object: 'Object Repository/Amazon_testcase_003_OR/input_submit.add-to-cart' is clicked on

07-02-2024T19:00:12 - [MESSAGE][PASSED] - Object: 'Object Repository/Amazon_testcase_003_OR/input_submit.add-to-cart' is clicked on

07-02-2024T19:00:12 - [TEST_STEP][PASSED] - closeBrowser(): Browser is closed

07-02-2024T19:00:12 - [MESSAGE][PASSED] - Browser is closed

07-02-2024T19:00:12 - [TEST_STEP][PASSED] - Start listener action : sampleAfterTestCase: Browser is closed

07-02-2024T19:00:12 - [TEST_STEP][PASSED] - closeBrowser(): Browser is closed

07-02-2024T19:00:12 - [MESSAGE][PASSED] - Browser is closed

07-02-2024T19:00:12 - [TEST_STEP][PASSED] - Start listener action : sampleAfterTestCase: Browser is closed

07-02-2024T19:00:12 - [TEST_STEP][PASSED] - closeBrowser(): Browser is closed

07-02-2024T19:00:12 - [MESSAGE][PASSED] - Browser is closed]]></system-out>
         <system-err><![CDATA[]]></system-err>
      </testcase>
      <system-out><![CDATA[07-02-2024T18:59:34 - [TEST_SUITE][PASSED] - Amazon_testcase_003_testsuite: Test Cases/Amazon_testcase_003]]></system-out>
      <system-err><![CDATA[]]></system-err>
   </testsuite>
</testsuites>
