<?xml version="1.0" encoding="UTF-8"?>
<testsuites name="Amazon_testcase_002_testsuite" time="17.808" tests="1" failures="0" errors="0">
   <testsuite name="Amazon_testcase_002_testsuite" tests="1" failures="0" errors="0" time="17.808" skipped="0" timestamp="07-02-2024T11:14:36" hostname="harishbogam - localhost" id="Test Suites/Amazon_testcase_002_testsuite">
      <properties>
         <property name="deviceName" value=""/>
         <property name="devicePlatform" value=""/>
         <property name="logFolder" value="/Users/harishbogam/git/Amazon_projectAA/Reports/20240207_111435/Amazon_testcase_002_testsuite/20240207_111435"/>
         <property name="logFiles" value="/Users/harishbogam/git/Amazon_projectAA/Reports/20240207_111435/Amazon_testcase_002_testsuite/20240207_111435/execution0.log"/>
         <property name="attachments" value=""/>
         <property name="hostName" value="harishbogam - localhost"/>
         <property name="os" value="Mac OS X 64bit"/>
         <property name="katalonVersion" value="9.2.0.212"/>
         <property name="browser" value="Chrome 121.0.0.0"/>
         <property name="hostAddress" value="127.0.0.1"/>
         <property name="sessionId" value="e3380f05bbc9601a0bde85388790d1ff"/>
         <property name="seleniumVersion" value="3.141.59"/>
         <property name="proxyInformation" value="ProxyInformation { proxyOption=NO_PROXY, proxyServerType=HTTP, username=, password=********, proxyServerAddress=, proxyServerPort=0, executionList=&quot;&quot;, isApplyToDesiredCapabilities=true }"/>
         <property name="platform" value="Mac OS X"/>
      </properties>
      <testcase name="Test Cases/Amazon_testcase_002" time="17.739" classname="Test Cases/Amazon_testcase_002" status="PASSED">
         <system-out><![CDATA[07-02-2024T11:14:36 - [TEST_CASE][PASSED] - Test Cases/Amazon_testcase_002: Test Cases/Amazon_testcase_002

07-02-2024T11:14:36 - [TEST_STEP][PASSED] - Start listener action : sampleBeforeTestCase: Navigate to 'https://www.amazon.in/' successfully

07-02-2024T11:14:36 - [TEST_STEP][PASSED] - openBrowser(""): Browser is opened with url: ''

07-02-2024T11:14:36 - [MESSAGE][INFO] - Starting 'Chrome' driver

07-02-2024T11:14:36 - [MESSAGE][INFO] - Action delay is set to 0 milliseconds

07-02-2024T11:14:37 - [MESSAGE][PASSED] - Browser is opened with url: ''

07-02-2024T11:14:37 - [TEST_STEP][PASSED] - navigateToUrl("https://www.amazon.in/"): Navigate to 'https://www.amazon.in/' successfully

07-02-2024T11:14:38 - [MESSAGE][PASSED] - Navigate to 'https://www.amazon.in/' successfully

07-02-2024T11:14:38 - [TEST_STEP][PASSED] - openBrowser(""): Browser is opened with url: ''

07-02-2024T11:14:38 - [MESSAGE][WARNING] - A browser is already opened. Closing browser and opening a new one

07-02-2024T11:14:38 - [MESSAGE][INFO] - Starting 'Chrome' driver

07-02-2024T11:14:38 - [MESSAGE][INFO] - Action delay is set to 0 milliseconds

07-02-2024T11:14:39 - [MESSAGE][PASSED] - Browser is opened with url: ''

07-02-2024T11:14:39 - [TEST_STEP][PASSED] - navigateToUrl("https://www.amazon.in/"): Navigate to 'https://www.amazon.in/' successfully

07-02-2024T11:14:40 - [MESSAGE][PASSED] - Navigate to 'https://www.amazon.in/' successfully

07-02-2024T11:14:40 - [TEST_STEP][PASSED] - click(findTestObject("Object Repository/Amazon_testcase_002_OR/span_Hello, sign in")): Object: 'Object Repository/Amazon_testcase_002_OR/span_Hello, sign in' is clicked on

07-02-2024T11:14:50 - [MESSAGE][PASSED] - Object: 'Object Repository/Amazon_testcase_002_OR/span_Hello, sign in' is clicked on

07-02-2024T11:14:50 - [TEST_STEP][PASSED] - setText(findTestObject("Object Repository/Amazon_testcase_002_OR/input_email"), "9553847074"): Text '9553847074' is set on object 'Object Repository/Amazon_testcase_002_OR/input_email'

07-02-2024T11:14:51 - [MESSAGE][PASSED] - Text '9553847074' is set on object 'Object Repository/Amazon_testcase_002_OR/input_email'

07-02-2024T11:14:51 - [TEST_STEP][PASSED] - click(findTestObject("Object Repository/Amazon_testcase_002_OR/inputcontinue")): Object: 'Object Repository/Amazon_testcase_002_OR/inputcontinue' is clicked on

07-02-2024T11:14:52 - [MESSAGE][PASSED] - Object: 'Object Repository/Amazon_testcase_002_OR/inputcontinue' is clicked on

07-02-2024T11:14:52 - [TEST_STEP][PASSED] - setEncryptedText(findTestObject("Object Repository/Amazon_testcase_002_OR/input_password"), "sWIDqSuYDTb6OdfrXQbw6w=="): Text ****** has been set on object 'Object Repository/Amazon_testcase_002_OR/input_password'

07-02-2024T11:14:54 - [MESSAGE][PASSED] - Text ****** has been set on object 'Object Repository/Amazon_testcase_002_OR/input_password'

07-02-2024T11:14:54 - [TEST_STEP][PASSED] - click(findTestObject("Object Repository/Amazon_testcase_002_OR/inputsignInSubmit")): Object: 'Object Repository/Amazon_testcase_002_OR/inputsignInSubmit' is clicked on

07-02-2024T11:14:54 - [MESSAGE][PASSED] - Object: 'Object Repository/Amazon_testcase_002_OR/inputsignInSubmit' is clicked on

07-02-2024T11:14:54 - [TEST_STEP][PASSED] - closeBrowser(): Browser is closed

07-02-2024T11:14:54 - [MESSAGE][PASSED] - Browser is closed

07-02-2024T11:14:54 - [TEST_STEP][PASSED] - Start listener action : sampleAfterTestCase: Browser is closed

07-02-2024T11:14:54 - [TEST_STEP][PASSED] - closeBrowser(): Browser is closed

07-02-2024T11:14:54 - [MESSAGE][PASSED] - Browser is closed]]></system-out>
         <system-err><![CDATA[]]></system-err>
      </testcase>
      <system-out><![CDATA[07-02-2024T11:14:36 - [TEST_SUITE][PASSED] - Amazon_testcase_002_testsuite: Test Cases/Amazon_testcase_002]]></system-out>
      <system-err><![CDATA[]]></system-err>
   </testsuite>
</testsuites>
